2025-03-26 12:56:33.202 [Test worker] DEBUG org.psoppc.fhir.AHRQProfiler(108) - reader=java.io.BufferedInputStream@4287d447
2025-03-26 12:56:33.992 [Test worker] DEBUG org.psoppc.fhir.AHRQProfiler(108) - reader=java.io.BufferedInputStream@23933031
2025-03-26 12:56:34.288 [Test worker] DEBUG org.psoppc.fhir.AHRQProfiler(108) - reader=java.io.BufferedInputStream@7ea86e2a
2025-03-26 12:56:34.459 [Test worker] ERROR org.psoppc.fhir.AHRQProfiler(77) - ⚠️ Could not find feature id in id
2025-03-26 12:56:34.459 [Test worker] ERROR org.psoppc.fhir.AHRQProfiler(77) - ⚠️ Could not find feature meta in meta
2025-03-26 12:56:34.459 [Test worker] ERROR org.psoppc.fhir.AHRQProfiler(77) - ⚠️ Could not find feature implicitRules in implicitRules
2025-03-26 12:56:34.459 [Test worker] ERROR org.psoppc.fhir.AHRQProfiler(77) - ⚠️ Could not find feature language in language
2025-03-26 12:56:34.460 [Test worker] ERROR org.psoppc.fhir.AHRQProfiler(77) - ⚠️ Could not find feature text in text
2025-03-26 12:56:34.460 [Test worker] ERROR org.psoppc.fhir.AHRQProfiler(77) - ⚠️ Could not find feature contained in contained
2025-03-26 12:56:34.460 [Test worker] ERROR org.psoppc.fhir.AHRQProfiler(77) - ⚠️ Could not find feature extension in extension
2025-03-26 12:56:34.460 [Test worker] ERROR org.psoppc.fhir.AHRQProfiler(77) - ⚠️ Could not find feature modifierExtension in modifierExtension
2025-03-26 12:56:34.461 [Test worker] ERROR org.psoppc.fhir.AHRQProfiler(77) - ⚠️ Could not find feature identifier in identifier
2025-03-26 12:56:34.461 [Test worker] ERROR org.psoppc.fhir.AHRQProfiler(77) - ⚠️ Could not find feature actuality in actuality
2025-03-26 12:56:34.461 [Test worker] ERROR org.psoppc.fhir.AHRQProfiler(77) - ⚠️ Could not find feature category in category
2025-03-26 12:56:34.461 [Test worker] ERROR org.psoppc.fhir.AHRQProfiler(77) - ⚠️ Could not find feature event in event
2025-03-26 12:56:34.461 [Test worker] ERROR org.psoppc.fhir.AHRQProfiler(77) - ⚠️ Could not find feature subject in subject
2025-03-26 12:56:34.462 [Test worker] ERROR org.psoppc.fhir.AHRQProfiler(77) - ⚠️ Could not find feature encounter in encounter
2025-03-26 12:56:34.462 [Test worker] ERROR org.psoppc.fhir.AHRQProfiler(77) - ⚠️ Could not find feature date in date
2025-03-26 12:56:34.462 [Test worker] ERROR org.psoppc.fhir.AHRQProfiler(77) - ⚠️ Could not find feature detected in detected
2025-03-26 12:56:34.462 [Test worker] ERROR org.psoppc.fhir.AHRQProfiler(77) - ⚠️ Could not find feature recordedDate in recordedDate
2025-03-26 12:56:34.462 [Test worker] ERROR org.psoppc.fhir.AHRQProfiler(77) - ⚠️ Could not find feature resultingCondition in resultingCondition
2025-03-26 12:56:34.462 [Test worker] ERROR org.psoppc.fhir.AHRQProfiler(77) - ⚠️ Could not find feature location in location
2025-03-26 12:56:34.463 [Test worker] ERROR org.psoppc.fhir.AHRQProfiler(77) - ⚠️ Could not find feature seriousness in seriousness
2025-03-26 12:56:34.463 [Test worker] ERROR org.psoppc.fhir.AHRQProfiler(77) - ⚠️ Could not find feature severity in severity
2025-03-26 12:56:34.463 [Test worker] ERROR org.psoppc.fhir.AHRQProfiler(77) - ⚠️ Could not find feature outcome in outcome
2025-03-26 12:56:34.463 [Test worker] ERROR org.psoppc.fhir.AHRQProfiler(77) - ⚠️ Could not find feature recorder in recorder
2025-03-26 12:56:34.463 [Test worker] ERROR org.psoppc.fhir.AHRQProfiler(77) - ⚠️ Could not find feature contributor in contributor
2025-03-26 12:56:34.463 [Test worker] ERROR org.psoppc.fhir.AHRQProfiler(77) - ⚠️ Could not find feature suspectEntity in suspectEntity
2025-03-26 12:56:34.463 [Test worker] ERROR org.psoppc.fhir.AHRQProfiler(77) - ⚠️ Could not find feature suspectEntity in suspectEntity
2025-03-26 12:56:34.464 [Test worker] ERROR org.psoppc.fhir.AHRQProfiler(77) - ⚠️ Could not find feature suspectEntity in suspectEntity
2025-03-26 12:56:34.464 [Test worker] ERROR org.psoppc.fhir.AHRQProfiler(77) - ⚠️ Could not find feature suspectEntity in suspectEntity
2025-03-26 12:56:34.464 [Test worker] ERROR org.psoppc.fhir.AHRQProfiler(77) - ⚠️ Could not find feature suspectEntity in suspectEntity
2025-03-26 12:56:34.464 [Test worker] ERROR org.psoppc.fhir.AHRQProfiler(77) - ⚠️ Could not find feature suspectEntity in suspectEntity
2025-03-26 12:56:34.464 [Test worker] ERROR org.psoppc.fhir.AHRQProfiler(77) - ⚠️ Could not find feature suspectEntity in suspectEntity
2025-03-26 12:56:34.464 [Test worker] ERROR org.psoppc.fhir.AHRQProfiler(77) - ⚠️ Could not find feature suspectEntity in suspectEntity
2025-03-26 12:56:34.465 [Test worker] ERROR org.psoppc.fhir.AHRQProfiler(77) - ⚠️ Could not find feature suspectEntity in suspectEntity
2025-03-26 12:56:34.465 [Test worker] ERROR org.psoppc.fhir.AHRQProfiler(77) - ⚠️ Could not find feature suspectEntity in suspectEntity
2025-03-26 12:56:34.465 [Test worker] ERROR org.psoppc.fhir.AHRQProfiler(77) - ⚠️ Could not find feature suspectEntity in suspectEntity
2025-03-26 12:56:34.465 [Test worker] ERROR org.psoppc.fhir.AHRQProfiler(77) - ⚠️ Could not find feature suspectEntity in suspectEntity
2025-03-26 12:56:34.465 [Test worker] ERROR org.psoppc.fhir.AHRQProfiler(77) - ⚠️ Could not find feature suspectEntity in suspectEntity
2025-03-26 12:56:34.466 [Test worker] ERROR org.psoppc.fhir.AHRQProfiler(77) - ⚠️ Could not find feature subjectMedicalHistory in subjectMedicalHistory
2025-03-26 12:56:34.466 [Test worker] ERROR org.psoppc.fhir.AHRQProfiler(77) - ⚠️ Could not find feature referenceDocument in referenceDocument
2025-03-26 12:56:34.466 [Test worker] ERROR org.psoppc.fhir.AHRQProfiler(77) - ⚠️ Could not find feature study in study
